[2024-10-18T00:26:14.555+0000] {processor.py:161} INFO - Started process (PID=245) to work on /home/airflow/.local/lib/python3.12/site-packages/airflow/example_dags/example_branch_datetime_operator.py
[2024-10-18T00:26:14.557+0000] {processor.py:830} INFO - Processing file /home/airflow/.local/lib/python3.12/site-packages/airflow/example_dags/example_branch_datetime_operator.py for tasks to queue
[2024-10-18T00:26:14.561+0000] {logging_mixin.py:188} INFO - [2024-10-18T00:26:14.560+0000] {dagbag.py:540} INFO - Filling up the DagBag from /home/airflow/.local/lib/python3.12/site-packages/airflow/example_dags/example_branch_datetime_operator.py
[2024-10-18T00:26:14.693+0000] {processor.py:840} INFO - DAG(s) 'example_branch_datetime_operator', 'example_branch_datetime_operator_2', 'example_branch_datetime_operator_3' retrieved from /home/airflow/.local/lib/python3.12/site-packages/airflow/example_dags/example_branch_datetime_operator.py
[2024-10-18T00:26:19.939+0000] {logging_mixin.py:188} INFO - [2024-10-18T00:26:19.938+0000] {override.py:1829} INFO - Created Permission View: can read on DAG:example_branch_datetime_operator
[2024-10-18T00:26:20.253+0000] {logging_mixin.py:188} INFO - [2024-10-18T00:26:20.253+0000] {override.py:1829} INFO - Created Permission View: can delete on DAG:example_branch_datetime_operator
[2024-10-18T00:26:20.562+0000] {logging_mixin.py:188} INFO - [2024-10-18T00:26:20.561+0000] {override.py:1829} INFO - Created Permission View: can edit on DAG:example_branch_datetime_operator
[2024-10-18T00:26:20.929+0000] {logging_mixin.py:188} INFO - [2024-10-18T00:26:20.929+0000] {override.py:1829} INFO - Created Permission View: can read on DAG:example_branch_datetime_operator_2
[2024-10-18T00:26:21.064+0000] {logging_mixin.py:188} INFO - [2024-10-18T00:26:21.064+0000] {override.py:1829} INFO - Created Permission View: can delete on DAG:example_branch_datetime_operator_2
[2024-10-18T00:26:21.212+0000] {logging_mixin.py:188} INFO - [2024-10-18T00:26:21.212+0000] {override.py:1829} INFO - Created Permission View: can edit on DAG:example_branch_datetime_operator_2
[2024-10-18T00:26:21.907+0000] {logging_mixin.py:188} INFO - [2024-10-18T00:26:21.906+0000] {override.py:1829} INFO - Created Permission View: can read on DAG:example_branch_datetime_operator_3
[2024-10-18T00:26:23.129+0000] {logging_mixin.py:188} INFO - [2024-10-18T00:26:23.128+0000] {override.py:1829} INFO - Created Permission View: can delete on DAG:example_branch_datetime_operator_3
[2024-10-18T00:26:23.672+0000] {logging_mixin.py:188} INFO - [2024-10-18T00:26:23.671+0000] {override.py:1829} INFO - Created Permission View: can edit on DAG:example_branch_datetime_operator_3
[2024-10-18T00:26:23.697+0000] {logging_mixin.py:188} INFO - [2024-10-18T00:26:23.697+0000] {dag.py:3096} INFO - Sync 3 DAGs
[2024-10-18T00:26:24.140+0000] {logging_mixin.py:188} INFO - [2024-10-18T00:26:24.140+0000] {dag.py:3118} INFO - Creating ORM DAG for example_branch_datetime_operator
[2024-10-18T00:26:24.260+0000] {logging_mixin.py:188} INFO - [2024-10-18T00:26:24.260+0000] {dag.py:3118} INFO - Creating ORM DAG for example_branch_datetime_operator_3
[2024-10-18T00:26:24.267+0000] {logging_mixin.py:188} INFO - [2024-10-18T00:26:24.266+0000] {dag.py:3118} INFO - Creating ORM DAG for example_branch_datetime_operator_2
[2024-10-18T00:26:24.407+0000] {logging_mixin.py:188} INFO - [2024-10-18T00:26:24.406+0000] {dag.py:3954} INFO - Setting next_dagrun for example_branch_datetime_operator to 2024-10-17 00:00:00+00:00, run_after=2024-10-18 00:00:00+00:00
[2024-10-18T00:26:24.469+0000] {logging_mixin.py:188} INFO - [2024-10-18T00:26:24.468+0000] {dag.py:3954} INFO - Setting next_dagrun for example_branch_datetime_operator_2 to 2024-10-17 00:00:00+00:00, run_after=2024-10-18 00:00:00+00:00
[2024-10-18T00:26:24.608+0000] {logging_mixin.py:188} INFO - [2024-10-18T00:26:24.608+0000] {dag.py:3954} INFO - Setting next_dagrun for example_branch_datetime_operator_3 to 2024-10-17 00:00:00+00:00, run_after=2024-10-18 00:00:00+00:00
[2024-10-18T00:26:25.132+0000] {processor.py:183} INFO - Processing /home/airflow/.local/lib/python3.12/site-packages/airflow/example_dags/example_branch_datetime_operator.py took 10.597 seconds
