[2024-10-24T21:02:11.734+0000] {processor.py:161} INFO - Started process (PID=11696) to work on /opt/airflow/dags/dag_2.py
[2024-10-24T21:02:11.736+0000] {processor.py:830} INFO - Processing file /opt/airflow/dags/dag_2.py for tasks to queue
[2024-10-24T21:02:11.739+0000] {logging_mixin.py:188} INFO - [2024-10-24T21:02:11.738+0000] {dagbag.py:540} INFO - Filling up the DagBag from /opt/airflow/dags/dag_2.py
[2024-10-24T21:02:11.770+0000] {processor.py:840} INFO - DAG(s) 'DAG_PYTHON_OPERATOR_2' retrieved from /opt/airflow/dags/dag_2.py
[2024-10-24T21:02:12.034+0000] {logging_mixin.py:188} INFO - [2024-10-24T21:02:12.033+0000] {override.py:1829} INFO - Created Permission View: can read on DAG:DAG_PYTHON_OPERATOR_2
[2024-10-24T21:02:12.101+0000] {logging_mixin.py:188} INFO - [2024-10-24T21:02:12.100+0000] {override.py:1829} INFO - Created Permission View: can edit on DAG:DAG_PYTHON_OPERATOR_2
[2024-10-24T21:02:12.139+0000] {logging_mixin.py:188} INFO - [2024-10-24T21:02:12.138+0000] {override.py:1829} INFO - Created Permission View: can delete on DAG:DAG_PYTHON_OPERATOR_2
[2024-10-24T21:02:12.140+0000] {logging_mixin.py:188} INFO - [2024-10-24T21:02:12.140+0000] {dag.py:3096} INFO - Sync 1 DAGs
[2024-10-24T21:02:12.159+0000] {logging_mixin.py:188} INFO - [2024-10-24T21:02:12.159+0000] {dag.py:3118} INFO - Creating ORM DAG for DAG_PYTHON_OPERATOR_2
[2024-10-24T21:02:12.161+0000] {logging_mixin.py:188} INFO - [2024-10-24T21:02:12.161+0000] {dag.py:3954} INFO - Setting next_dagrun for DAG_PYTHON_OPERATOR_2 to None, run_after=None
[2024-10-24T21:02:12.224+0000] {processor.py:183} INFO - Processing /opt/airflow/dags/dag_2.py took 0.499 seconds
[2024-10-24T21:02:43.092+0000] {processor.py:161} INFO - Started process (PID=11758) to work on /opt/airflow/dags/dag_2.py
[2024-10-24T21:02:43.093+0000] {processor.py:830} INFO - Processing file /opt/airflow/dags/dag_2.py for tasks to queue
[2024-10-24T21:02:43.096+0000] {logging_mixin.py:188} INFO - [2024-10-24T21:02:43.096+0000] {dagbag.py:540} INFO - Filling up the DagBag from /opt/airflow/dags/dag_2.py
[2024-10-24T21:02:43.114+0000] {processor.py:840} INFO - DAG(s) 'DAG_PYTHON_OPERATOR_2' retrieved from /opt/airflow/dags/dag_2.py
[2024-10-24T21:02:43.143+0000] {logging_mixin.py:188} INFO - [2024-10-24T21:02:43.142+0000] {dag.py:3096} INFO - Sync 1 DAGs
[2024-10-24T21:02:43.160+0000] {logging_mixin.py:188} INFO - [2024-10-24T21:02:43.160+0000] {dag.py:3954} INFO - Setting next_dagrun for DAG_PYTHON_OPERATOR_2 to None, run_after=None
[2024-10-24T21:02:43.226+0000] {processor.py:183} INFO - Processing /opt/airflow/dags/dag_2.py took 0.141 seconds
[2024-10-24T21:03:14.155+0000] {processor.py:161} INFO - Started process (PID=11818) to work on /opt/airflow/dags/dag_2.py
[2024-10-24T21:03:14.156+0000] {processor.py:830} INFO - Processing file /opt/airflow/dags/dag_2.py for tasks to queue
[2024-10-24T21:03:14.159+0000] {logging_mixin.py:188} INFO - [2024-10-24T21:03:14.159+0000] {dagbag.py:540} INFO - Filling up the DagBag from /opt/airflow/dags/dag_2.py
[2024-10-24T21:03:14.173+0000] {processor.py:840} INFO - DAG(s) 'DAG_PYTHON_OPERATOR_2' retrieved from /opt/airflow/dags/dag_2.py
[2024-10-24T21:03:14.196+0000] {logging_mixin.py:188} INFO - [2024-10-24T21:03:14.196+0000] {dag.py:3096} INFO - Sync 1 DAGs
[2024-10-24T21:03:14.220+0000] {logging_mixin.py:188} INFO - [2024-10-24T21:03:14.220+0000] {dag.py:3954} INFO - Setting next_dagrun for DAG_PYTHON_OPERATOR_2 to None, run_after=None
[2024-10-24T21:03:14.612+0000] {processor.py:183} INFO - Processing /opt/airflow/dags/dag_2.py took 0.464 seconds
[2024-10-24T21:03:45.427+0000] {processor.py:161} INFO - Started process (PID=11880) to work on /opt/airflow/dags/dag_2.py
[2024-10-24T21:03:45.428+0000] {processor.py:830} INFO - Processing file /opt/airflow/dags/dag_2.py for tasks to queue
[2024-10-24T21:03:45.431+0000] {logging_mixin.py:188} INFO - [2024-10-24T21:03:45.431+0000] {dagbag.py:540} INFO - Filling up the DagBag from /opt/airflow/dags/dag_2.py
[2024-10-24T21:03:45.446+0000] {processor.py:840} INFO - DAG(s) 'DAG_PYTHON_OPERATOR_2' retrieved from /opt/airflow/dags/dag_2.py
[2024-10-24T21:03:45.469+0000] {logging_mixin.py:188} INFO - [2024-10-24T21:03:45.469+0000] {dag.py:3096} INFO - Sync 1 DAGs
[2024-10-24T21:03:45.486+0000] {logging_mixin.py:188} INFO - [2024-10-24T21:03:45.486+0000] {dag.py:3954} INFO - Setting next_dagrun for DAG_PYTHON_OPERATOR_2 to None, run_after=None
[2024-10-24T21:03:45.548+0000] {processor.py:183} INFO - Processing /opt/airflow/dags/dag_2.py took 0.129 seconds
[2024-10-24T21:04:16.183+0000] {processor.py:161} INFO - Started process (PID=11941) to work on /opt/airflow/dags/dag_2.py
[2024-10-24T21:04:16.184+0000] {processor.py:830} INFO - Processing file /opt/airflow/dags/dag_2.py for tasks to queue
[2024-10-24T21:04:16.188+0000] {logging_mixin.py:188} INFO - [2024-10-24T21:04:16.187+0000] {dagbag.py:540} INFO - Filling up the DagBag from /opt/airflow/dags/dag_2.py
[2024-10-24T21:04:16.203+0000] {processor.py:840} INFO - DAG(s) 'DAG_PYTHON_OPERATOR_2' retrieved from /opt/airflow/dags/dag_2.py
[2024-10-24T21:04:16.226+0000] {logging_mixin.py:188} INFO - [2024-10-24T21:04:16.226+0000] {dag.py:3096} INFO - Sync 1 DAGs
[2024-10-24T21:04:16.242+0000] {logging_mixin.py:188} INFO - [2024-10-24T21:04:16.242+0000] {dag.py:3954} INFO - Setting next_dagrun for DAG_PYTHON_OPERATOR_2 to None, run_after=None
[2024-10-24T21:04:16.291+0000] {processor.py:183} INFO - Processing /opt/airflow/dags/dag_2.py took 0.115 seconds
[2024-10-24T21:04:46.912+0000] {processor.py:161} INFO - Started process (PID=12002) to work on /opt/airflow/dags/dag_2.py
[2024-10-24T21:04:46.914+0000] {processor.py:830} INFO - Processing file /opt/airflow/dags/dag_2.py for tasks to queue
[2024-10-24T21:04:46.917+0000] {logging_mixin.py:188} INFO - [2024-10-24T21:04:46.917+0000] {dagbag.py:540} INFO - Filling up the DagBag from /opt/airflow/dags/dag_2.py
[2024-10-24T21:04:46.937+0000] {processor.py:840} INFO - DAG(s) 'DAG_PYTHON_OPERATOR_2' retrieved from /opt/airflow/dags/dag_2.py
[2024-10-24T21:04:46.966+0000] {logging_mixin.py:188} INFO - [2024-10-24T21:04:46.966+0000] {dag.py:3096} INFO - Sync 1 DAGs
[2024-10-24T21:04:46.990+0000] {logging_mixin.py:188} INFO - [2024-10-24T21:04:46.989+0000] {dag.py:3954} INFO - Setting next_dagrun for DAG_PYTHON_OPERATOR_2 to None, run_after=None
[2024-10-24T21:04:47.275+0000] {processor.py:183} INFO - Processing /opt/airflow/dags/dag_2.py took 0.375 seconds
[2024-10-24T21:05:17.457+0000] {processor.py:161} INFO - Started process (PID=12062) to work on /opt/airflow/dags/dag_2.py
[2024-10-24T21:05:17.458+0000] {processor.py:830} INFO - Processing file /opt/airflow/dags/dag_2.py for tasks to queue
[2024-10-24T21:05:17.460+0000] {logging_mixin.py:188} INFO - [2024-10-24T21:05:17.460+0000] {dagbag.py:540} INFO - Filling up the DagBag from /opt/airflow/dags/dag_2.py
[2024-10-24T21:05:17.477+0000] {processor.py:840} INFO - DAG(s) 'DAG_PYTHON_OPERATOR_2' retrieved from /opt/airflow/dags/dag_2.py
[2024-10-24T21:05:17.500+0000] {logging_mixin.py:188} INFO - [2024-10-24T21:05:17.499+0000] {dag.py:3096} INFO - Sync 1 DAGs
[2024-10-24T21:05:17.517+0000] {logging_mixin.py:188} INFO - [2024-10-24T21:05:17.517+0000] {dag.py:3954} INFO - Setting next_dagrun for DAG_PYTHON_OPERATOR_2 to None, run_after=None
[2024-10-24T21:05:19.158+0000] {processor.py:183} INFO - Processing /opt/airflow/dags/dag_2.py took 1.708 seconds
[2024-10-24T21:05:49.287+0000] {processor.py:161} INFO - Started process (PID=12123) to work on /opt/airflow/dags/dag_2.py
[2024-10-24T21:05:49.288+0000] {processor.py:830} INFO - Processing file /opt/airflow/dags/dag_2.py for tasks to queue
[2024-10-24T21:05:49.291+0000] {logging_mixin.py:188} INFO - [2024-10-24T21:05:49.290+0000] {dagbag.py:540} INFO - Filling up the DagBag from /opt/airflow/dags/dag_2.py
[2024-10-24T21:05:49.311+0000] {processor.py:840} INFO - DAG(s) 'DAG_PYTHON_OPERATOR_2' retrieved from /opt/airflow/dags/dag_2.py
[2024-10-24T21:05:49.335+0000] {logging_mixin.py:188} INFO - [2024-10-24T21:05:49.334+0000] {dag.py:3096} INFO - Sync 1 DAGs
[2024-10-24T21:05:49.350+0000] {logging_mixin.py:188} INFO - [2024-10-24T21:05:49.349+0000] {dag.py:3954} INFO - Setting next_dagrun for DAG_PYTHON_OPERATOR_2 to None, run_after=None
[2024-10-24T21:05:49.451+0000] {processor.py:183} INFO - Processing /opt/airflow/dags/dag_2.py took 0.171 seconds
[2024-10-24T21:06:19.573+0000] {processor.py:161} INFO - Started process (PID=12184) to work on /opt/airflow/dags/dag_2.py
[2024-10-24T21:06:19.575+0000] {processor.py:830} INFO - Processing file /opt/airflow/dags/dag_2.py for tasks to queue
[2024-10-24T21:06:19.577+0000] {logging_mixin.py:188} INFO - [2024-10-24T21:06:19.577+0000] {dagbag.py:540} INFO - Filling up the DagBag from /opt/airflow/dags/dag_2.py
[2024-10-24T21:06:19.600+0000] {processor.py:840} INFO - DAG(s) 'DAG_PYTHON_OPERATOR_2' retrieved from /opt/airflow/dags/dag_2.py
[2024-10-24T21:06:19.627+0000] {logging_mixin.py:188} INFO - [2024-10-24T21:06:19.626+0000] {dag.py:3096} INFO - Sync 1 DAGs
[2024-10-24T21:06:19.643+0000] {logging_mixin.py:188} INFO - [2024-10-24T21:06:19.642+0000] {dag.py:3954} INFO - Setting next_dagrun for DAG_PYTHON_OPERATOR_2 to None, run_after=None
[2024-10-24T21:06:19.727+0000] {processor.py:183} INFO - Processing /opt/airflow/dags/dag_2.py took 0.163 seconds
[2024-10-24T21:06:49.992+0000] {processor.py:161} INFO - Started process (PID=12245) to work on /opt/airflow/dags/dag_2.py
[2024-10-24T21:06:49.994+0000] {processor.py:830} INFO - Processing file /opt/airflow/dags/dag_2.py for tasks to queue
[2024-10-24T21:06:49.997+0000] {logging_mixin.py:188} INFO - [2024-10-24T21:06:49.996+0000] {dagbag.py:540} INFO - Filling up the DagBag from /opt/airflow/dags/dag_2.py
[2024-10-24T21:06:50.017+0000] {processor.py:840} INFO - DAG(s) 'DAG_PYTHON_OPERATOR_2' retrieved from /opt/airflow/dags/dag_2.py
[2024-10-24T21:06:50.046+0000] {logging_mixin.py:188} INFO - [2024-10-24T21:06:50.045+0000] {dag.py:3096} INFO - Sync 1 DAGs
[2024-10-24T21:06:50.065+0000] {logging_mixin.py:188} INFO - [2024-10-24T21:06:50.064+0000] {dag.py:3954} INFO - Setting next_dagrun for DAG_PYTHON_OPERATOR_2 to None, run_after=None
[2024-10-24T21:06:50.148+0000] {processor.py:183} INFO - Processing /opt/airflow/dags/dag_2.py took 0.164 seconds
[2024-10-24T21:07:20.825+0000] {processor.py:161} INFO - Started process (PID=12305) to work on /opt/airflow/dags/dag_2.py
[2024-10-24T21:07:20.826+0000] {processor.py:830} INFO - Processing file /opt/airflow/dags/dag_2.py for tasks to queue
[2024-10-24T21:07:20.829+0000] {logging_mixin.py:188} INFO - [2024-10-24T21:07:20.829+0000] {dagbag.py:540} INFO - Filling up the DagBag from /opt/airflow/dags/dag_2.py
[2024-10-24T21:07:20.846+0000] {processor.py:840} INFO - DAG(s) 'DAG_PYTHON_OPERATOR_2' retrieved from /opt/airflow/dags/dag_2.py
[2024-10-24T21:07:20.873+0000] {logging_mixin.py:188} INFO - [2024-10-24T21:07:20.872+0000] {dag.py:3096} INFO - Sync 1 DAGs
[2024-10-24T21:07:20.888+0000] {logging_mixin.py:188} INFO - [2024-10-24T21:07:20.888+0000] {dag.py:3954} INFO - Setting next_dagrun for DAG_PYTHON_OPERATOR_2 to None, run_after=None
[2024-10-24T21:07:20.940+0000] {processor.py:183} INFO - Processing /opt/airflow/dags/dag_2.py took 0.123 seconds
[2024-10-24T21:07:51.886+0000] {processor.py:161} INFO - Started process (PID=12367) to work on /opt/airflow/dags/dag_2.py
[2024-10-24T21:07:51.888+0000] {processor.py:830} INFO - Processing file /opt/airflow/dags/dag_2.py for tasks to queue
[2024-10-24T21:07:51.890+0000] {logging_mixin.py:188} INFO - [2024-10-24T21:07:51.890+0000] {dagbag.py:540} INFO - Filling up the DagBag from /opt/airflow/dags/dag_2.py
[2024-10-24T21:07:51.911+0000] {processor.py:840} INFO - DAG(s) 'DAG_PYTHON_OPERATOR_2' retrieved from /opt/airflow/dags/dag_2.py
[2024-10-24T21:07:51.938+0000] {logging_mixin.py:188} INFO - [2024-10-24T21:07:51.938+0000] {dag.py:3096} INFO - Sync 1 DAGs
[2024-10-24T21:07:51.955+0000] {logging_mixin.py:188} INFO - [2024-10-24T21:07:51.954+0000] {dag.py:3954} INFO - Setting next_dagrun for DAG_PYTHON_OPERATOR_2 to None, run_after=None
[2024-10-24T21:07:52.015+0000] {processor.py:183} INFO - Processing /opt/airflow/dags/dag_2.py took 0.138 seconds
[2024-10-24T21:08:22.427+0000] {processor.py:161} INFO - Started process (PID=12428) to work on /opt/airflow/dags/dag_2.py
[2024-10-24T21:08:22.428+0000] {processor.py:830} INFO - Processing file /opt/airflow/dags/dag_2.py for tasks to queue
[2024-10-24T21:08:22.431+0000] {logging_mixin.py:188} INFO - [2024-10-24T21:08:22.430+0000] {dagbag.py:540} INFO - Filling up the DagBag from /opt/airflow/dags/dag_2.py
[2024-10-24T21:08:22.449+0000] {processor.py:840} INFO - DAG(s) 'DAG_PYTHON_OPERATOR_2' retrieved from /opt/airflow/dags/dag_2.py
[2024-10-24T21:08:22.485+0000] {logging_mixin.py:188} INFO - [2024-10-24T21:08:22.484+0000] {dag.py:3096} INFO - Sync 1 DAGs
[2024-10-24T21:08:22.505+0000] {logging_mixin.py:188} INFO - [2024-10-24T21:08:22.505+0000] {dag.py:3954} INFO - Setting next_dagrun for DAG_PYTHON_OPERATOR_2 to None, run_after=None
[2024-10-24T21:08:22.566+0000] {processor.py:183} INFO - Processing /opt/airflow/dags/dag_2.py took 0.148 seconds
[2024-10-24T21:08:53.531+0000] {processor.py:161} INFO - Started process (PID=12489) to work on /opt/airflow/dags/dag_2.py
[2024-10-24T21:08:53.533+0000] {processor.py:830} INFO - Processing file /opt/airflow/dags/dag_2.py for tasks to queue
[2024-10-24T21:08:53.536+0000] {logging_mixin.py:188} INFO - [2024-10-24T21:08:53.535+0000] {dagbag.py:540} INFO - Filling up the DagBag from /opt/airflow/dags/dag_2.py
[2024-10-24T21:08:53.559+0000] {processor.py:840} INFO - DAG(s) 'DAG_PYTHON_OPERATOR_2' retrieved from /opt/airflow/dags/dag_2.py
[2024-10-24T21:08:53.603+0000] {logging_mixin.py:188} INFO - [2024-10-24T21:08:53.602+0000] {dag.py:3096} INFO - Sync 1 DAGs
[2024-10-24T21:08:53.629+0000] {logging_mixin.py:188} INFO - [2024-10-24T21:08:53.629+0000] {dag.py:3954} INFO - Setting next_dagrun for DAG_PYTHON_OPERATOR_2 to None, run_after=None
[2024-10-24T21:08:53.699+0000] {processor.py:183} INFO - Processing /opt/airflow/dags/dag_2.py took 0.190 seconds
[2024-10-24T21:09:24.434+0000] {processor.py:161} INFO - Started process (PID=12554) to work on /opt/airflow/dags/dag_2.py
[2024-10-24T21:09:24.437+0000] {processor.py:830} INFO - Processing file /opt/airflow/dags/dag_2.py for tasks to queue
[2024-10-24T21:09:24.440+0000] {logging_mixin.py:188} INFO - [2024-10-24T21:09:24.439+0000] {dagbag.py:540} INFO - Filling up the DagBag from /opt/airflow/dags/dag_2.py
[2024-10-24T21:09:24.485+0000] {processor.py:840} INFO - DAG(s) 'DAG_PYTHON_OPERATOR_2' retrieved from /opt/airflow/dags/dag_2.py
[2024-10-24T21:09:24.528+0000] {logging_mixin.py:188} INFO - [2024-10-24T21:09:24.528+0000] {dag.py:3096} INFO - Sync 1 DAGs
[2024-10-24T21:09:24.560+0000] {logging_mixin.py:188} INFO - [2024-10-24T21:09:24.558+0000] {dag.py:3954} INFO - Setting next_dagrun for DAG_PYTHON_OPERATOR_2 to None, run_after=None
[2024-10-24T21:09:24.638+0000] {processor.py:183} INFO - Processing /opt/airflow/dags/dag_2.py took 0.218 seconds
[2024-10-24T21:09:55.908+0000] {processor.py:161} INFO - Started process (PID=12616) to work on /opt/airflow/dags/dag_2.py
[2024-10-24T21:09:55.911+0000] {processor.py:830} INFO - Processing file /opt/airflow/dags/dag_2.py for tasks to queue
[2024-10-24T21:09:55.914+0000] {logging_mixin.py:188} INFO - [2024-10-24T21:09:55.914+0000] {dagbag.py:540} INFO - Filling up the DagBag from /opt/airflow/dags/dag_2.py
[2024-10-24T21:09:55.945+0000] {processor.py:840} INFO - DAG(s) 'DAG_PYTHON_OPERATOR_2' retrieved from /opt/airflow/dags/dag_2.py
[2024-10-24T21:09:55.996+0000] {logging_mixin.py:188} INFO - [2024-10-24T21:09:55.995+0000] {dag.py:3096} INFO - Sync 1 DAGs
[2024-10-24T21:09:56.064+0000] {logging_mixin.py:188} INFO - [2024-10-24T21:09:56.064+0000] {dag.py:3954} INFO - Setting next_dagrun for DAG_PYTHON_OPERATOR_2 to None, run_after=None
[2024-10-24T21:09:56.153+0000] {processor.py:183} INFO - Processing /opt/airflow/dags/dag_2.py took 0.259 seconds
[2024-10-24T21:10:27.572+0000] {processor.py:161} INFO - Started process (PID=12678) to work on /opt/airflow/dags/dag_2.py
[2024-10-24T21:10:27.574+0000] {processor.py:830} INFO - Processing file /opt/airflow/dags/dag_2.py for tasks to queue
[2024-10-24T21:10:27.578+0000] {logging_mixin.py:188} INFO - [2024-10-24T21:10:27.577+0000] {dagbag.py:540} INFO - Filling up the DagBag from /opt/airflow/dags/dag_2.py
[2024-10-24T21:10:27.605+0000] {processor.py:840} INFO - DAG(s) 'DAG_PYTHON_OPERATOR_2' retrieved from /opt/airflow/dags/dag_2.py
[2024-10-24T21:10:27.649+0000] {logging_mixin.py:188} INFO - [2024-10-24T21:10:27.649+0000] {dag.py:3096} INFO - Sync 1 DAGs
[2024-10-24T21:10:27.698+0000] {logging_mixin.py:188} INFO - [2024-10-24T21:10:27.697+0000] {dag.py:3954} INFO - Setting next_dagrun for DAG_PYTHON_OPERATOR_2 to None, run_after=None
[2024-10-24T21:10:27.787+0000] {processor.py:183} INFO - Processing /opt/airflow/dags/dag_2.py took 0.229 seconds
[2024-10-24T21:12:04.486+0000] {processor.py:161} INFO - Started process (PID=12703) to work on /opt/airflow/dags/dag_2.py
[2024-10-24T21:12:04.497+0000] {processor.py:830} INFO - Processing file /opt/airflow/dags/dag_2.py for tasks to queue
[2024-10-24T21:12:04.511+0000] {logging_mixin.py:188} INFO - [2024-10-24T21:12:04.510+0000] {dagbag.py:540} INFO - Filling up the DagBag from /opt/airflow/dags/dag_2.py
[2024-10-24T21:12:04.601+0000] {processor.py:840} INFO - DAG(s) 'DAG_PYTHON_OPERATOR_2' retrieved from /opt/airflow/dags/dag_2.py
[2024-10-24T21:12:04.684+0000] {logging_mixin.py:188} INFO - [2024-10-24T21:12:04.684+0000] {dag.py:3096} INFO - Sync 1 DAGs
[2024-10-24T21:12:04.781+0000] {logging_mixin.py:188} INFO - [2024-10-24T21:12:04.781+0000] {dag.py:3954} INFO - Setting next_dagrun for DAG_PYTHON_OPERATOR_2 to None, run_after=None
[2024-10-24T21:12:13.243+0000] {processor.py:183} INFO - Processing /opt/airflow/dags/dag_2.py took 8.801 seconds
[2024-10-24T21:45:11.772+0000] {processor.py:161} INFO - Started process (PID=12801) to work on /opt/airflow/dags/dag_2.py
[2024-10-24T21:45:11.903+0000] {processor.py:830} INFO - Processing file /opt/airflow/dags/dag_2.py for tasks to queue
[2024-10-24T21:45:11.905+0000] {logging_mixin.py:188} INFO - [2024-10-24T21:45:11.905+0000] {dagbag.py:540} INFO - Filling up the DagBag from /opt/airflow/dags/dag_2.py
[2024-10-24T21:45:12.126+0000] {processor.py:840} INFO - DAG(s) 'DAG_PYTHON_OPERATOR_2' retrieved from /opt/airflow/dags/dag_2.py
[2024-10-24T21:45:12.292+0000] {logging_mixin.py:188} INFO - [2024-10-24T21:45:12.286+0000] {dag.py:3096} INFO - Sync 1 DAGs
[2024-10-24T21:45:12.316+0000] {logging_mixin.py:188} INFO - [2024-10-24T21:45:12.316+0000] {dag.py:3954} INFO - Setting next_dagrun for DAG_PYTHON_OPERATOR_2 to None, run_after=None
[2024-10-24T21:45:12.447+0000] {processor.py:183} INFO - Processing /opt/airflow/dags/dag_2.py took 0.691 seconds
