[2024-10-24T21:02:10.368+0000] {processor.py:161} INFO - Started process (PID=11694) to work on /opt/airflow/dags/dag_1.py
[2024-10-24T21:02:10.369+0000] {processor.py:830} INFO - Processing file /opt/airflow/dags/dag_1.py for tasks to queue
[2024-10-24T21:02:10.372+0000] {logging_mixin.py:188} INFO - [2024-10-24T21:02:10.372+0000] {dagbag.py:540} INFO - Filling up the DagBag from /opt/airflow/dags/dag_1.py
[2024-10-24T21:02:10.417+0000] {processor.py:840} INFO - DAG(s) 'DAG_PYTHON_OPERATOR' retrieved from /opt/airflow/dags/dag_1.py
[2024-10-24T21:02:11.390+0000] {logging_mixin.py:188} INFO - [2024-10-24T21:02:11.389+0000] {override.py:1829} INFO - Created Permission View: can read on DAG:DAG_PYTHON_OPERATOR
[2024-10-24T21:02:11.535+0000] {logging_mixin.py:188} INFO - [2024-10-24T21:02:11.535+0000] {override.py:1829} INFO - Created Permission View: can edit on DAG:DAG_PYTHON_OPERATOR
[2024-10-24T21:02:11.592+0000] {logging_mixin.py:188} INFO - [2024-10-24T21:02:11.591+0000] {override.py:1829} INFO - Created Permission View: can delete on DAG:DAG_PYTHON_OPERATOR
[2024-10-24T21:02:11.593+0000] {logging_mixin.py:188} INFO - [2024-10-24T21:02:11.593+0000] {dag.py:3096} INFO - Sync 1 DAGs
[2024-10-24T21:02:11.608+0000] {logging_mixin.py:188} INFO - [2024-10-24T21:02:11.608+0000] {dag.py:3118} INFO - Creating ORM DAG for DAG_PYTHON_OPERATOR
[2024-10-24T21:02:11.610+0000] {logging_mixin.py:188} INFO - [2024-10-24T21:02:11.610+0000] {dag.py:3954} INFO - Setting next_dagrun for DAG_PYTHON_OPERATOR to None, run_after=None
[2024-10-24T21:02:11.681+0000] {processor.py:183} INFO - Processing /opt/airflow/dags/dag_1.py took 1.329 seconds
[2024-10-24T21:02:41.816+0000] {processor.py:161} INFO - Started process (PID=11755) to work on /opt/airflow/dags/dag_1.py
[2024-10-24T21:02:41.817+0000] {processor.py:830} INFO - Processing file /opt/airflow/dags/dag_1.py for tasks to queue
[2024-10-24T21:02:41.819+0000] {logging_mixin.py:188} INFO - [2024-10-24T21:02:41.819+0000] {dagbag.py:540} INFO - Filling up the DagBag from /opt/airflow/dags/dag_1.py
[2024-10-24T21:02:41.835+0000] {processor.py:840} INFO - DAG(s) 'DAG_PYTHON_OPERATOR' retrieved from /opt/airflow/dags/dag_1.py
[2024-10-24T21:02:41.858+0000] {logging_mixin.py:188} INFO - [2024-10-24T21:02:41.858+0000] {dag.py:3096} INFO - Sync 1 DAGs
[2024-10-24T21:02:41.873+0000] {logging_mixin.py:188} INFO - [2024-10-24T21:02:41.873+0000] {dag.py:3954} INFO - Setting next_dagrun for DAG_PYTHON_OPERATOR to None, run_after=None
[2024-10-24T21:02:42.990+0000] {processor.py:183} INFO - Processing /opt/airflow/dags/dag_1.py took 1.181 seconds
[2024-10-24T21:03:13.980+0000] {processor.py:161} INFO - Started process (PID=11816) to work on /opt/airflow/dags/dag_1.py
[2024-10-24T21:03:13.982+0000] {processor.py:830} INFO - Processing file /opt/airflow/dags/dag_1.py for tasks to queue
[2024-10-24T21:03:13.985+0000] {logging_mixin.py:188} INFO - [2024-10-24T21:03:13.984+0000] {dagbag.py:540} INFO - Filling up the DagBag from /opt/airflow/dags/dag_1.py
[2024-10-24T21:03:14.002+0000] {processor.py:840} INFO - DAG(s) 'DAG_PYTHON_OPERATOR' retrieved from /opt/airflow/dags/dag_1.py
[2024-10-24T21:03:14.029+0000] {logging_mixin.py:188} INFO - [2024-10-24T21:03:14.028+0000] {dag.py:3096} INFO - Sync 1 DAGs
[2024-10-24T21:03:14.044+0000] {logging_mixin.py:188} INFO - [2024-10-24T21:03:14.044+0000] {dag.py:3954} INFO - Setting next_dagrun for DAG_PYTHON_OPERATOR to None, run_after=None
[2024-10-24T21:03:14.118+0000] {processor.py:183} INFO - Processing /opt/airflow/dags/dag_1.py took 0.145 seconds
[2024-10-24T21:03:44.731+0000] {processor.py:161} INFO - Started process (PID=11878) to work on /opt/airflow/dags/dag_1.py
[2024-10-24T21:03:44.732+0000] {processor.py:830} INFO - Processing file /opt/airflow/dags/dag_1.py for tasks to queue
[2024-10-24T21:03:44.735+0000] {logging_mixin.py:188} INFO - [2024-10-24T21:03:44.735+0000] {dagbag.py:540} INFO - Filling up the DagBag from /opt/airflow/dags/dag_1.py
[2024-10-24T21:03:44.756+0000] {processor.py:840} INFO - DAG(s) 'DAG_PYTHON_OPERATOR' retrieved from /opt/airflow/dags/dag_1.py
[2024-10-24T21:03:44.781+0000] {logging_mixin.py:188} INFO - [2024-10-24T21:03:44.780+0000] {dag.py:3096} INFO - Sync 1 DAGs
[2024-10-24T21:03:44.796+0000] {logging_mixin.py:188} INFO - [2024-10-24T21:03:44.796+0000] {dag.py:3954} INFO - Setting next_dagrun for DAG_PYTHON_OPERATOR to None, run_after=None
[2024-10-24T21:03:45.381+0000] {processor.py:183} INFO - Processing /opt/airflow/dags/dag_1.py took 0.658 seconds
[2024-10-24T21:04:15.871+0000] {processor.py:161} INFO - Started process (PID=11939) to work on /opt/airflow/dags/dag_1.py
[2024-10-24T21:04:15.872+0000] {processor.py:830} INFO - Processing file /opt/airflow/dags/dag_1.py for tasks to queue
[2024-10-24T21:04:15.875+0000] {logging_mixin.py:188} INFO - [2024-10-24T21:04:15.874+0000] {dagbag.py:540} INFO - Filling up the DagBag from /opt/airflow/dags/dag_1.py
[2024-10-24T21:04:15.896+0000] {processor.py:840} INFO - DAG(s) 'DAG_PYTHON_OPERATOR' retrieved from /opt/airflow/dags/dag_1.py
[2024-10-24T21:04:15.924+0000] {logging_mixin.py:188} INFO - [2024-10-24T21:04:15.923+0000] {dag.py:3096} INFO - Sync 1 DAGs
[2024-10-24T21:04:15.939+0000] {logging_mixin.py:188} INFO - [2024-10-24T21:04:15.939+0000] {dag.py:3954} INFO - Setting next_dagrun for DAG_PYTHON_OPERATOR to None, run_after=None
[2024-10-24T21:04:16.142+0000] {processor.py:183} INFO - Processing /opt/airflow/dags/dag_1.py took 0.280 seconds
[2024-10-24T21:04:46.293+0000] {processor.py:161} INFO - Started process (PID=12000) to work on /opt/airflow/dags/dag_1.py
[2024-10-24T21:04:46.294+0000] {processor.py:830} INFO - Processing file /opt/airflow/dags/dag_1.py for tasks to queue
[2024-10-24T21:04:46.298+0000] {logging_mixin.py:188} INFO - [2024-10-24T21:04:46.297+0000] {dagbag.py:540} INFO - Filling up the DagBag from /opt/airflow/dags/dag_1.py
[2024-10-24T21:04:46.321+0000] {processor.py:840} INFO - DAG(s) 'DAG_PYTHON_OPERATOR' retrieved from /opt/airflow/dags/dag_1.py
[2024-10-24T21:04:46.350+0000] {logging_mixin.py:188} INFO - [2024-10-24T21:04:46.350+0000] {dag.py:3096} INFO - Sync 1 DAGs
[2024-10-24T21:04:46.372+0000] {logging_mixin.py:188} INFO - [2024-10-24T21:04:46.372+0000] {dag.py:3954} INFO - Setting next_dagrun for DAG_PYTHON_OPERATOR to None, run_after=None
[2024-10-24T21:04:46.864+0000] {processor.py:183} INFO - Processing /opt/airflow/dags/dag_1.py took 0.581 seconds
[2024-10-24T21:05:17.295+0000] {processor.py:161} INFO - Started process (PID=12060) to work on /opt/airflow/dags/dag_1.py
[2024-10-24T21:05:17.296+0000] {processor.py:830} INFO - Processing file /opt/airflow/dags/dag_1.py for tasks to queue
[2024-10-24T21:05:17.299+0000] {logging_mixin.py:188} INFO - [2024-10-24T21:05:17.298+0000] {dagbag.py:540} INFO - Filling up the DagBag from /opt/airflow/dags/dag_1.py
[2024-10-24T21:05:17.318+0000] {processor.py:840} INFO - DAG(s) 'DAG_PYTHON_OPERATOR' retrieved from /opt/airflow/dags/dag_1.py
[2024-10-24T21:05:17.342+0000] {logging_mixin.py:188} INFO - [2024-10-24T21:05:17.342+0000] {dag.py:3096} INFO - Sync 1 DAGs
[2024-10-24T21:05:17.359+0000] {logging_mixin.py:188} INFO - [2024-10-24T21:05:17.359+0000] {dag.py:3954} INFO - Setting next_dagrun for DAG_PYTHON_OPERATOR to None, run_after=None
[2024-10-24T21:05:17.415+0000] {processor.py:183} INFO - Processing /opt/airflow/dags/dag_1.py took 0.130 seconds
[2024-10-24T21:05:48.194+0000] {processor.py:161} INFO - Started process (PID=12121) to work on /opt/airflow/dags/dag_1.py
[2024-10-24T21:05:48.196+0000] {processor.py:830} INFO - Processing file /opt/airflow/dags/dag_1.py for tasks to queue
[2024-10-24T21:05:48.198+0000] {logging_mixin.py:188} INFO - [2024-10-24T21:05:48.198+0000] {dagbag.py:540} INFO - Filling up the DagBag from /opt/airflow/dags/dag_1.py
[2024-10-24T21:05:48.213+0000] {processor.py:840} INFO - DAG(s) 'DAG_PYTHON_OPERATOR' retrieved from /opt/airflow/dags/dag_1.py
[2024-10-24T21:05:48.236+0000] {logging_mixin.py:188} INFO - [2024-10-24T21:05:48.235+0000] {dag.py:3096} INFO - Sync 1 DAGs
[2024-10-24T21:05:48.251+0000] {logging_mixin.py:188} INFO - [2024-10-24T21:05:48.250+0000] {dag.py:3954} INFO - Setting next_dagrun for DAG_PYTHON_OPERATOR to None, run_after=None
[2024-10-24T21:05:49.244+0000] {processor.py:183} INFO - Processing /opt/airflow/dags/dag_1.py took 1.056 seconds
[2024-10-24T21:06:19.402+0000] {processor.py:161} INFO - Started process (PID=12182) to work on /opt/airflow/dags/dag_1.py
[2024-10-24T21:06:19.403+0000] {processor.py:830} INFO - Processing file /opt/airflow/dags/dag_1.py for tasks to queue
[2024-10-24T21:06:19.405+0000] {logging_mixin.py:188} INFO - [2024-10-24T21:06:19.405+0000] {dagbag.py:540} INFO - Filling up the DagBag from /opt/airflow/dags/dag_1.py
[2024-10-24T21:06:19.422+0000] {processor.py:840} INFO - DAG(s) 'DAG_PYTHON_OPERATOR' retrieved from /opt/airflow/dags/dag_1.py
[2024-10-24T21:06:19.444+0000] {logging_mixin.py:188} INFO - [2024-10-24T21:06:19.444+0000] {dag.py:3096} INFO - Sync 1 DAGs
[2024-10-24T21:06:19.459+0000] {logging_mixin.py:188} INFO - [2024-10-24T21:06:19.459+0000] {dag.py:3954} INFO - Setting next_dagrun for DAG_PYTHON_OPERATOR to None, run_after=None
[2024-10-24T21:06:19.513+0000] {processor.py:183} INFO - Processing /opt/airflow/dags/dag_1.py took 0.118 seconds
[2024-10-24T21:06:49.821+0000] {processor.py:161} INFO - Started process (PID=12243) to work on /opt/airflow/dags/dag_1.py
[2024-10-24T21:06:49.823+0000] {processor.py:830} INFO - Processing file /opt/airflow/dags/dag_1.py for tasks to queue
[2024-10-24T21:06:49.825+0000] {logging_mixin.py:188} INFO - [2024-10-24T21:06:49.825+0000] {dagbag.py:540} INFO - Filling up the DagBag from /opt/airflow/dags/dag_1.py
[2024-10-24T21:06:49.841+0000] {processor.py:840} INFO - DAG(s) 'DAG_PYTHON_OPERATOR' retrieved from /opt/airflow/dags/dag_1.py
[2024-10-24T21:06:49.868+0000] {logging_mixin.py:188} INFO - [2024-10-24T21:06:49.867+0000] {dag.py:3096} INFO - Sync 1 DAGs
[2024-10-24T21:06:49.883+0000] {logging_mixin.py:188} INFO - [2024-10-24T21:06:49.883+0000] {dag.py:3954} INFO - Setting next_dagrun for DAG_PYTHON_OPERATOR to None, run_after=None
[2024-10-24T21:06:49.951+0000] {processor.py:183} INFO - Processing /opt/airflow/dags/dag_1.py took 0.138 seconds
[2024-10-24T21:07:20.288+0000] {processor.py:161} INFO - Started process (PID=12303) to work on /opt/airflow/dags/dag_1.py
[2024-10-24T21:07:20.290+0000] {processor.py:830} INFO - Processing file /opt/airflow/dags/dag_1.py for tasks to queue
[2024-10-24T21:07:20.292+0000] {logging_mixin.py:188} INFO - [2024-10-24T21:07:20.292+0000] {dagbag.py:540} INFO - Filling up the DagBag from /opt/airflow/dags/dag_1.py
[2024-10-24T21:07:20.310+0000] {processor.py:840} INFO - DAG(s) 'DAG_PYTHON_OPERATOR' retrieved from /opt/airflow/dags/dag_1.py
[2024-10-24T21:07:20.335+0000] {logging_mixin.py:188} INFO - [2024-10-24T21:07:20.335+0000] {dag.py:3096} INFO - Sync 1 DAGs
[2024-10-24T21:07:20.352+0000] {logging_mixin.py:188} INFO - [2024-10-24T21:07:20.352+0000] {dag.py:3954} INFO - Setting next_dagrun for DAG_PYTHON_OPERATOR to None, run_after=None
[2024-10-24T21:07:20.782+0000] {processor.py:183} INFO - Processing /opt/airflow/dags/dag_1.py took 0.503 seconds
[2024-10-24T21:07:51.080+0000] {processor.py:161} INFO - Started process (PID=12365) to work on /opt/airflow/dags/dag_1.py
[2024-10-24T21:07:51.081+0000] {processor.py:830} INFO - Processing file /opt/airflow/dags/dag_1.py for tasks to queue
[2024-10-24T21:07:51.083+0000] {logging_mixin.py:188} INFO - [2024-10-24T21:07:51.083+0000] {dagbag.py:540} INFO - Filling up the DagBag from /opt/airflow/dags/dag_1.py
[2024-10-24T21:07:51.103+0000] {processor.py:840} INFO - DAG(s) 'DAG_PYTHON_OPERATOR' retrieved from /opt/airflow/dags/dag_1.py
[2024-10-24T21:07:51.128+0000] {logging_mixin.py:188} INFO - [2024-10-24T21:07:51.128+0000] {dag.py:3096} INFO - Sync 1 DAGs
[2024-10-24T21:07:51.144+0000] {logging_mixin.py:188} INFO - [2024-10-24T21:07:51.144+0000] {dag.py:3954} INFO - Setting next_dagrun for DAG_PYTHON_OPERATOR to None, run_after=None
[2024-10-24T21:07:51.839+0000] {processor.py:183} INFO - Processing /opt/airflow/dags/dag_1.py took 0.768 seconds
[2024-10-24T21:08:22.037+0000] {processor.py:161} INFO - Started process (PID=12426) to work on /opt/airflow/dags/dag_1.py
[2024-10-24T21:08:22.038+0000] {processor.py:830} INFO - Processing file /opt/airflow/dags/dag_1.py for tasks to queue
[2024-10-24T21:08:22.041+0000] {logging_mixin.py:188} INFO - [2024-10-24T21:08:22.040+0000] {dagbag.py:540} INFO - Filling up the DagBag from /opt/airflow/dags/dag_1.py
[2024-10-24T21:08:22.060+0000] {processor.py:840} INFO - DAG(s) 'DAG_PYTHON_OPERATOR' retrieved from /opt/airflow/dags/dag_1.py
[2024-10-24T21:08:22.086+0000] {logging_mixin.py:188} INFO - [2024-10-24T21:08:22.086+0000] {dag.py:3096} INFO - Sync 1 DAGs
[2024-10-24T21:08:22.103+0000] {logging_mixin.py:188} INFO - [2024-10-24T21:08:22.102+0000] {dag.py:3954} INFO - Setting next_dagrun for DAG_PYTHON_OPERATOR to None, run_after=None
[2024-10-24T21:08:22.372+0000] {processor.py:183} INFO - Processing /opt/airflow/dags/dag_1.py took 0.343 seconds
[2024-10-24T21:08:53.217+0000] {processor.py:161} INFO - Started process (PID=12487) to work on /opt/airflow/dags/dag_1.py
[2024-10-24T21:08:53.220+0000] {processor.py:830} INFO - Processing file /opt/airflow/dags/dag_1.py for tasks to queue
[2024-10-24T21:08:53.224+0000] {logging_mixin.py:188} INFO - [2024-10-24T21:08:53.223+0000] {dagbag.py:540} INFO - Filling up the DagBag from /opt/airflow/dags/dag_1.py
[2024-10-24T21:08:53.265+0000] {processor.py:840} INFO - DAG(s) 'DAG_PYTHON_OPERATOR' retrieved from /opt/airflow/dags/dag_1.py
[2024-10-24T21:08:53.306+0000] {logging_mixin.py:188} INFO - [2024-10-24T21:08:53.305+0000] {dag.py:3096} INFO - Sync 1 DAGs
[2024-10-24T21:08:53.329+0000] {logging_mixin.py:188} INFO - [2024-10-24T21:08:53.329+0000] {dag.py:3954} INFO - Setting next_dagrun for DAG_PYTHON_OPERATOR to None, run_after=None
[2024-10-24T21:08:53.401+0000] {processor.py:183} INFO - Processing /opt/airflow/dags/dag_1.py took 0.204 seconds
[2024-10-24T21:09:24.081+0000] {processor.py:161} INFO - Started process (PID=12546) to work on /opt/airflow/dags/dag_1.py
[2024-10-24T21:09:24.085+0000] {processor.py:830} INFO - Processing file /opt/airflow/dags/dag_1.py for tasks to queue
[2024-10-24T21:09:24.089+0000] {logging_mixin.py:188} INFO - [2024-10-24T21:09:24.089+0000] {dagbag.py:540} INFO - Filling up the DagBag from /opt/airflow/dags/dag_1.py
[2024-10-24T21:09:24.142+0000] {processor.py:840} INFO - DAG(s) 'DAG_PYTHON_OPERATOR' retrieved from /opt/airflow/dags/dag_1.py
[2024-10-24T21:09:24.234+0000] {logging_mixin.py:188} INFO - [2024-10-24T21:09:24.234+0000] {dag.py:3096} INFO - Sync 1 DAGs
[2024-10-24T21:09:24.287+0000] {logging_mixin.py:188} INFO - [2024-10-24T21:09:24.286+0000] {dag.py:3954} INFO - Setting next_dagrun for DAG_PYTHON_OPERATOR to None, run_after=None
[2024-10-24T21:09:24.360+0000] {processor.py:183} INFO - Processing /opt/airflow/dags/dag_1.py took 0.298 seconds
[2024-10-24T21:09:55.651+0000] {processor.py:161} INFO - Started process (PID=12614) to work on /opt/airflow/dags/dag_1.py
[2024-10-24T21:09:55.653+0000] {processor.py:830} INFO - Processing file /opt/airflow/dags/dag_1.py for tasks to queue
[2024-10-24T21:09:55.657+0000] {logging_mixin.py:188} INFO - [2024-10-24T21:09:55.656+0000] {dagbag.py:540} INFO - Filling up the DagBag from /opt/airflow/dags/dag_1.py
[2024-10-24T21:09:55.684+0000] {processor.py:840} INFO - DAG(s) 'DAG_PYTHON_OPERATOR' retrieved from /opt/airflow/dags/dag_1.py
[2024-10-24T21:09:55.723+0000] {logging_mixin.py:188} INFO - [2024-10-24T21:09:55.722+0000] {dag.py:3096} INFO - Sync 1 DAGs
[2024-10-24T21:09:55.753+0000] {logging_mixin.py:188} INFO - [2024-10-24T21:09:55.752+0000] {dag.py:3954} INFO - Setting next_dagrun for DAG_PYTHON_OPERATOR to None, run_after=None
[2024-10-24T21:09:55.836+0000] {processor.py:183} INFO - Processing /opt/airflow/dags/dag_1.py took 0.199 seconds
[2024-10-24T21:10:26.150+0000] {processor.py:161} INFO - Started process (PID=12668) to work on /opt/airflow/dags/dag_1.py
[2024-10-24T21:10:26.152+0000] {processor.py:830} INFO - Processing file /opt/airflow/dags/dag_1.py for tasks to queue
[2024-10-24T21:10:26.157+0000] {logging_mixin.py:188} INFO - [2024-10-24T21:10:26.156+0000] {dagbag.py:540} INFO - Filling up the DagBag from /opt/airflow/dags/dag_1.py
[2024-10-24T21:10:26.181+0000] {processor.py:840} INFO - DAG(s) 'DAG_PYTHON_OPERATOR' retrieved from /opt/airflow/dags/dag_1.py
[2024-10-24T21:10:26.226+0000] {logging_mixin.py:188} INFO - [2024-10-24T21:10:26.226+0000] {dag.py:3096} INFO - Sync 1 DAGs
[2024-10-24T21:10:26.255+0000] {logging_mixin.py:188} INFO - [2024-10-24T21:10:26.254+0000] {dag.py:3954} INFO - Setting next_dagrun for DAG_PYTHON_OPERATOR to None, run_after=None
[2024-10-24T21:10:26.462+0000] {processor.py:183} INFO - Processing /opt/airflow/dags/dag_1.py took 0.322 seconds
[2024-10-24T21:11:33.232+0000] {processor.py:161} INFO - Started process (PID=12695) to work on /opt/airflow/dags/dag_1.py
[2024-10-24T21:11:33.236+0000] {processor.py:830} INFO - Processing file /opt/airflow/dags/dag_1.py for tasks to queue
[2024-10-24T21:11:45.611+0000] {logging_mixin.py:188} INFO - [2024-10-24T21:11:40.364+0000] {dagbag.py:540} INFO - Filling up the DagBag from /opt/airflow/dags/dag_1.py
[2024-10-24T21:12:04.020+0000] {processor.py:840} INFO - DAG(s) 'DAG_PYTHON_OPERATOR' retrieved from /opt/airflow/dags/dag_1.py
[2024-10-24T21:12:04.110+0000] {logging_mixin.py:188} INFO - [2024-10-24T21:12:04.110+0000] {dag.py:3096} INFO - Sync 1 DAGs
[2024-10-24T21:12:04.192+0000] {logging_mixin.py:188} INFO - [2024-10-24T21:12:04.191+0000] {dag.py:3954} INFO - Setting next_dagrun for DAG_PYTHON_OPERATOR to None, run_after=None
[2024-10-24T21:12:04.420+0000] {processor.py:183} INFO - Processing /opt/airflow/dags/dag_1.py took 31.376 seconds
[2024-10-24T21:44:47.791+0000] {processor.py:161} INFO - Started process (PID=12799) to work on /opt/airflow/dags/dag_1.py
[2024-10-24T21:44:48.011+0000] {processor.py:830} INFO - Processing file /opt/airflow/dags/dag_1.py for tasks to queue
[2024-10-24T21:44:48.013+0000] {logging_mixin.py:188} INFO - [2024-10-24T21:44:48.012+0000] {dagbag.py:540} INFO - Filling up the DagBag from /opt/airflow/dags/dag_1.py
[2024-10-24T21:44:48.046+0000] {processor.py:840} INFO - DAG(s) 'DAG_PYTHON_OPERATOR' retrieved from /opt/airflow/dags/dag_1.py
[2024-10-24T21:45:03.782+0000] {logging_mixin.py:188} INFO - [2024-10-24T21:45:03.782+0000] {dag.py:3096} INFO - Sync 1 DAGs
[2024-10-24T21:45:08.300+0000] {logging_mixin.py:188} INFO - [2024-10-24T21:45:08.300+0000] {dag.py:3954} INFO - Setting next_dagrun for DAG_PYTHON_OPERATOR to None, run_after=None
[2024-10-24T21:45:11.535+0000] {processor.py:183} INFO - Processing /opt/airflow/dags/dag_1.py took 23.673 seconds
